<?xml version="1.0" encoding="UTF-8"?>
<!-- Generated by org.testng.reporters.JUnitXMLReporter -->
<testsuite hostname="DESKTOP-7ILLCS6" ignored="0" name="Regression Testing" tests="3" failures="1" timestamp="2020-06-13T22:58:08 EDT" time="29.517" errors="0">
  <testcase name="testGoogleHomePage" time="3.64" classname="com.software.journal.testcases.SoftwareJournalChannelTest">
    <failure type="java.lang.AssertionError" message="expected [true] but found [false]">
      <![CDATA[java.lang.AssertionError: expected [true] but found [false]
at com.software.journal.testcases.SoftwareJournalChannelTest.testGoogleHomePage(SoftwareJournalChannelTest.java:52)
at java.util.ArrayList.forEach(Unknown Source)
... Removed 31 stack frames]]>
    </failure>
  </testcase> <!-- testGoogleHomePage -->
  <testcase name="testSoftwareJournalPage" time="18.5" classname="com.software.journal.testcases.SoftwareJournalChannelTest"/>
  <testcase name="testGoogleResultPage" time="0.0" classname="com.software.journal.testcases.SoftwareJournalChannelTest">
    <skipped/>
  </testcase> <!-- testGoogleResultPage -->
</testsuite> <!-- Regression Testing -->
